Feature Drift:
FiyatKazanc Orani: 148313.5337
PDDD Orani: 3878.6106
FiyatSatis Orani: 11.5826
Volatilite: 0.0178
Piyasa Degeri: 15178717786.2290
Son Fiyat: 35865.4973
Model Drift: 85.4518
Drift detection completed.

Feature Drift:
FiyatKazanc Orani: 148313.5337
PDDD Orani: 3878.6106
FiyatSatis Orani: 11.5826
Volatilite: 0.0178
Piyasa Degeri: 15178717786.2290
Son Fiyat: 35865.4973
Model Drift: 85.4518
Drift detection completed.

Feature Drift:
FiyatKazanc Orani: 148313.5337
PDDD Orani: 3878.6106
FiyatSatis Orani: 11.5826
Volatilite: 0.0178
Piyasa Degeri: 15178717786.2290
Son Fiyat: 35865.4973
Model Drift: 85.4518
Drift detection completed.

